[2026-01-30 21:46:50] root: INFO: Starting Flye 2.9.6-b1802
[2026-01-30 21:46:50] root: DEBUG: Cmd: /usr/local/bin/flye --nano-raw /work/data/raw/SRR32410565.fastq --out-dir /work/results/flye --threads 2
[2026-01-30 21:46:50] root: DEBUG: Python version: 3.10.12 (main, Feb  4 2025, 14:57:36) [GCC 11.4.0]
[2026-01-30 21:46:50] root: INFO: >>>STAGE: configure
[2026-01-30 21:46:50] root: INFO: Configuring run
[2026-01-30 21:46:52] root: INFO: Total read length: 809296219
[2026-01-30 21:46:52] root: INFO: Reads N50/N90: 4683 / 2687
[2026-01-30 21:46:52] root: INFO: Minimum overlap set to 3000
[2026-01-30 21:46:52] root: INFO: >>>STAGE: assembly
[2026-01-30 21:46:52] root: INFO: Assembling disjointigs
[2026-01-30 21:46:52] root: DEBUG: -----Begin assembly log------
[2026-01-30 21:46:52] root: DEBUG: Running: flye-modules assemble --reads /work/data/raw/SRR32410565.fastq --out-asm /work/results/flye/00-assembly/draft_assembly.fasta --config /usr/local/lib/python3.10/dist-packages/flye/config/bin_cfg/asm_raw_reads.cfg --log /work/results/flye/flye.log --threads 2 --min-ovlp 3000
[2026-01-30 21:46:52] DEBUG: Build date: May 15 2025 15:22:32
[2026-01-30 21:46:52] DEBUG: Total RAM: 15 Gb
[2026-01-30 21:46:52] DEBUG: Available RAM: 15 Gb
[2026-01-30 21:46:52] DEBUG: Total CPUs: 6
[2026-01-30 21:46:52] DEBUG: Loading /usr/local/lib/python3.10/dist-packages/flye/config/bin_cfg/asm_raw_reads.cfg
[2026-01-30 21:46:52] DEBUG: Loading /usr/local/lib/python3.10/dist-packages/flye/config/bin_cfg/asm_defaults.cfg
[2026-01-30 21:46:52] DEBUG: 	big_genome_threshold=29000000
[2026-01-30 21:46:52] DEBUG: 	meta_read_filter_kmer_freq=100
[2026-01-30 21:46:52] DEBUG: 	chain_large_gap_penalty=2
[2026-01-30 21:46:52] DEBUG: 	chain_small_gap_penalty=0.5
[2026-01-30 21:46:52] DEBUG: 	chain_gap_jump_threshold=100
[2026-01-30 21:46:52] DEBUG: 	max_jump_gap=500
[2026-01-30 21:46:52] DEBUG: 	max_coverage_drop_rate=5
[2026-01-30 21:46:52] DEBUG: 	max_extensions_drop_rate=5
[2026-01-30 21:46:52] DEBUG: 	chimera_window=100
[2026-01-30 21:46:52] DEBUG: 	chimera_overhang=1000
[2026-01-30 21:46:52] DEBUG: 	min_reads_in_disjointig=4
[2026-01-30 21:46:52] DEBUG: 	max_inner_reads=10
[2026-01-30 21:46:52] DEBUG: 	max_inner_fraction=0.25
[2026-01-30 21:46:52] DEBUG: 	aggressive_dup_filter=1
[2026-01-30 21:46:52] DEBUG: 	max_separation=500
[2026-01-30 21:46:52] DEBUG: 	unique_edge_length=50000
[2026-01-30 21:46:52] DEBUG: 	min_repeat_res_support=0.51
[2026-01-30 21:46:52] DEBUG: 	out_paths_ratio=5
[2026-01-30 21:46:52] DEBUG: 	graph_cov_drop_rate=5
[2026-01-30 21:46:52] DEBUG: 	coverage_estimate_window=100
[2026-01-30 21:46:52] DEBUG: 	max_bubble_length=50000
[2026-01-30 21:46:52] DEBUG: 	loop_coverage_rate=1.5
[2026-01-30 21:46:52] DEBUG: 	repeat_edge_cov_mult=1.75
[2026-01-30 21:46:52] DEBUG: 	weak_detach_rate=5
[2026-01-30 21:46:52] DEBUG: 	tip_coverage_rate=2
[2026-01-30 21:46:52] DEBUG: 	tip_length_rate=2
[2026-01-30 21:46:52] DEBUG: 	output_gfa_before_rr=1
[2026-01-30 21:46:52] DEBUG: 	remove_alt_edges=0
[2026-01-30 21:46:52] DEBUG: 	low_cutoff_warning=1
[2026-01-30 21:46:52] DEBUG: 	kmer_size=17
[2026-01-30 21:46:52] DEBUG: 	use_minimizers=0
[2026-01-30 21:46:52] DEBUG: 	reads_base_alignment=0
[2026-01-30 21:46:52] DEBUG: 	meta_read_top_kmer_rate=0.40
[2026-01-30 21:46:52] DEBUG: 	maximum_jump=1500
[2026-01-30 21:46:52] DEBUG: 	maximum_overhang=1500
[2026-01-30 21:46:52] DEBUG: 	repeat_kmer_rate=100
[2026-01-30 21:46:52] DEBUG: 	assemble_ovlp_divergence=0.10
[2026-01-30 21:46:52] DEBUG: 	assemble_divergence_relative=1
[2026-01-30 21:46:52] DEBUG: 	repeat_graph_ovlp_divergence=0.08
[2026-01-30 21:46:52] DEBUG: 	read_align_ovlp_divergence=0.25
[2026-01-30 21:46:52] DEBUG: 	hpc_scoring_on=0
[2026-01-30 21:46:52] DEBUG: 	add_unassembled_reads=0
[2026-01-30 21:46:52] DEBUG: 	extend_contigs_with_repeats=0
[2026-01-30 21:46:52] DEBUG: 	min_read_cov_cutoff=3
[2026-01-30 21:46:52] DEBUG: 	short_tip_length=20000
[2026-01-30 21:46:52] DEBUG: 	long_tip_length=100000
[2026-01-30 21:46:52] DEBUG: Running with k-mer size: 17
[2026-01-30 21:46:52] DEBUG: Running with minimum overlap 3000
[2026-01-30 21:46:52] DEBUG: Metagenome mode: N
[2026-01-30 21:46:52] DEBUG: Short mode: N
[2026-01-30 21:46:52] INFO: Reading sequences
[2026-01-30 21:46:55] DEBUG: Building positional index
[2026-01-30 21:46:55] DEBUG: Total sequence: 689064639 bp
[2026-01-30 21:46:56] INFO: Counting k-mers:
[2026-01-30 21:51:16] DEBUG: Updating k-mer histogram
[2026-01-30 21:51:56] DEBUG: Hash size: 5002278
[2026-01-30 21:51:56] DEBUG: Total k-mers 78433744
[2026-01-30 21:51:56] INFO: Filling index table (1/2)
[2026-01-30 21:57:18] DEBUG: Mean k-mer frequency: 62.1631
[2026-01-30 21:57:18] DEBUG: Repetitive k-mer frequency: 6216
[2026-01-30 21:57:18] DEBUG: Filtered 158988 repetitive k-mers (0.000562323)
[2026-01-30 21:57:19] INFO: Filling index table (2/2)
[2026-01-30 22:08:41] DEBUG: Sorting k-mer index
[2026-01-30 22:08:43] DEBUG: Selected k-mers: 6460287
[2026-01-30 22:08:43] DEBUG: Index size: 284463529
[2026-01-30 22:08:43] DEBUG: Mean k-mer index frequency: 44.0326
[2026-01-30 22:08:43] DEBUG: Peak RAM usage: 10 Gb
[2026-01-30 22:08:43] DEBUG: Estimating k-mer identity bias
[2026-01-30 22:08:57] DEBUG: Initial divergence estimate : 0.0555259
[2026-01-30 22:08:57] DEBUG: Relative threshold: Y
[2026-01-30 22:08:57] DEBUG: Max divergence threshold set to 0.155526
[2026-01-30 22:08:57] INFO: Extending reads
[2026-01-30 22:08:57] DEBUG: Estimating overlap coverage
[2026-01-30 22:09:24] INFO: Overlap-based coverage: 117
[2026-01-30 22:09:24] INFO: Median overlap divergence: 0.0574671
[2026-01-30 22:09:24] DEBUG: Sequence divergence distribution: 

    |          *                    |                                                                    
    |          *                    |                                                                    
    |          **                   |                                                                    
    |          **                   |                                                                    
    |         ***                   |                                                                    
    |         ****                  |                                                                    
    |         ****                  |                                                                    
    |         ****                  |                                                                    
    |         ****                  |                                                                    
    |       * *****                 |                                                                    
    |       ********                |                                                                    
    |       ********                |                                                                    
    |     * ********                |                                                                    
    |     * **********              |                                                                    
    |     ************ *            |                                                                    
    |    ***************            |                                                                    
    |    *****************          |                                                                    
    |   ****************** *        |                                                                    
    |   ************************    |                                                                    
    | **********************************  *      **                                                      
    ----------------------------------------------------------------------------------------------------
    0%        5%        10%       15%       20%       25%       30%       35%       40%       45%       

    Q25 = 0.046, Q50 = 0.057, Q75 = 0.076

[2026-01-30 22:09:54] DEBUG: Assembled disjointig 1
	With 604 reads
	Start read: +SRR32410565.189866
	At position: 229
	leftTip: 0 rightTip: 0
	Suspicious: 21
	Short ext: 12
	Mean extensions: 63
	Avg overlap len: 5562
	Min overlap len: 1618
	Inner reads: 0
	Length: 1317051
[2026-01-30 22:09:54] DEBUG: Inner: 77686 covered: 74364 total: 284482
[2026-01-30 22:09:58] DEBUG: Assembled disjointig 2
	With 815 reads
	Start read: +SRR32410565.27686
	At position: 790
	leftTip: 0 rightTip: 0
	Suspicious: 18
	Short ext: 9
	Mean extensions: 51
	Avg overlap len: 5496
	Min overlap len: 1432
	Inner reads: 1
	Length: 1714393
[2026-01-30 22:09:58] DEBUG: Inner: 163934 covered: 156336 total: 284482
[2026-01-30 22:10:03] DEBUG: Discarded disjointig with 325 reads and 126 inner overlaps
[2026-01-30 22:10:09] DEBUG: Assembled disjointig 3
	With 253 reads
	Start read: +SRR32410565.5038
	At position: 69
	leftTip: 0 rightTip: 0
	Suspicious: 4
	Short ext: 3
	Mean extensions: 54
	Avg overlap len: 5410
	Min overlap len: 2116
	Inner reads: 0
	Length: 568566
[2026-01-30 22:10:09] DEBUG: Inner: 191408 covered: 182424 total: 284482
[2026-01-30 22:10:24] DEBUG: Assembled disjointig 4
	With 345 reads
	Start read: +SRR32410565.169561
	At position: 90
	leftTip: 0 rightTip: 0
	Suspicious: 12
	Short ext: 6
	Mean extensions: 62
	Avg overlap len: 5645
	Min overlap len: 1039
	Inner reads: 0
	Length: 738991
[2026-01-30 22:10:24] DEBUG: Inner: 232412 covered: 221420 total: 284482
[2026-01-30 22:10:24] DEBUG: Discarded disjointig with 264 reads and 261 inner overlaps
[2026-01-30 22:10:25] DEBUG: Assembled disjointig 5
	With 14 reads
	Start read: +SRR32410565.105729
	At position: 8
	leftTip: 0 rightTip: 0
	Suspicious: 1
	Short ext: 1
	Mean extensions: 68
	Avg overlap len: 4871
	Min overlap len: 2885
	Inner reads: 0
	Length: 33270
[2026-01-30 22:10:25] DEBUG: Inner: 233514 covered: 222466 total: 284482
[2026-01-30 22:10:27] DEBUG: Assembled disjointig 6
	With 44 reads
	Start read: +SRR32410565.119230
	At position: 24
	leftTip: 0 rightTip: 0
	Suspicious: 1
	Short ext: 1
	Mean extensions: 70
	Avg overlap len: 5461
	Min overlap len: 2406
	Inner reads: 0
	Length: 102488
[2026-01-30 22:10:27] DEBUG: Inner: 239412 covered: 228008 total: 284482
[2026-01-30 22:10:29] DEBUG: Assembled disjointig 7
	With 63 reads
	Start read: +SRR32410565.50922
	At position: 14
	leftTip: 0 rightTip: 0
	Suspicious: 1
	Short ext: 1
	Mean extensions: 72
	Avg overlap len: 5666
	Min overlap len: 2926
	Inner reads: 0
	Length: 132483
[2026-01-30 22:10:29] DEBUG: Inner: 246312 covered: 234578 total: 284482
[2026-01-30 22:10:29] DEBUG: Discarded disjointig with 51 reads and 49 inner overlaps
[2026-01-30 22:10:33] DEBUG: Assembled disjointig 8
	With 183 reads
	Start read: +SRR32410565.150005
	At position: 43
	leftTip: 0 rightTip: 0
	Suspicious: 5
	Short ext: 3
	Mean extensions: 52
	Avg overlap len: 5417
	Min overlap len: 2452
	Inner reads: 0
	Length: 393315
[2026-01-30 22:10:33] DEBUG: Inner: 264274 covered: 251702 total: 284482
[2026-01-30 22:10:33] DEBUG: Assembled disjointig 9
	With 56 reads
	Start read: +SRR32410565.176687
	At position: 52
	leftTip: 0 rightTip: 0
	Suspicious: 2
	Short ext: 2
	Mean extensions: 89
	Avg overlap len: 5573
	Min overlap len: 1171
	Inner reads: 0
	Length: 123715
[2026-01-30 22:10:33] DEBUG: Inner: 273198 covered: 260338 total: 284482
[2026-01-30 22:10:34] DEBUG: Discarded disjointig with 13 reads and 11 inner overlaps
[2026-01-30 22:10:34] DEBUG: Assembled disjointig 10
	With 15 reads
	Start read: +SRR32410565.65399
	At position: 5
	leftTip: 0 rightTip: 0
	Suspicious: 0
	Short ext: 0
	Mean extensions: 68
	Avg overlap len: 5381
	Min overlap len: 3837
	Inner reads: 0
	Length: 38566
[2026-01-30 22:10:34] DEBUG: Inner: 274588 covered: 261752 total: 284482
[2026-01-30 22:10:34] DEBUG: Discarded disjointig with 16 reads and 14 inner overlaps
[2026-01-30 22:10:40] DEBUG: Assembled disjointig 11
	With 8 reads
	Start read: +SRR32410565.91199
	At position: 4
	leftTip: 0 rightTip: 0
	Suspicious: 1
	Short ext: 1
	Mean extensions: 61
	Avg overlap len: 4526
	Min overlap len: 2858
	Inner reads: 0
	Length: 19152
[2026-01-30 22:10:40] DEBUG: Inner: 274738 covered: 262058 total: 284482
[2026-01-30 22:12:09] INFO: Assembled 11 disjointigs
[2026-01-30 22:12:09] INFO: Generating sequence
[2026-01-30 22:12:09] DEBUG: Building positional index
[2026-01-30 22:12:09] DEBUG: Total sequence: 5181391 bp
[2026-01-30 22:12:10] DEBUG: Mean k-mer frequency: 1.03102
[2026-01-30 22:12:10] DEBUG: Repetitive k-mer frequency: 103
[2026-01-30 22:12:10] DEBUG: Filtered 0 repetitive k-mers (0)
[2026-01-30 22:12:10] DEBUG: Sorting k-mer index
[2026-01-30 22:12:10] DEBUG: Selected k-mers: 5025300
[2026-01-30 22:12:10] DEBUG: K-mer index size: 5181204
[2026-01-30 22:12:10] DEBUG: Mean k-mer frequency: 1.03102
[2026-01-30 22:12:10] DEBUG: Minimizer rate: 1.00004
[2026-01-30 22:12:10] INFO: Filtering contained disjointigs
[2026-01-30 22:12:11] DEBUG: Computing transitive closure for overlaps
[2026-01-30 22:12:11] DEBUG: Found 58 overlaps
[2026-01-30 22:12:11] DEBUG: Left 28 overlaps after filtering
[2026-01-30 22:12:11] INFO: Contained seqs: 1
[2026-01-30 22:12:11] DEBUG: Writing FASTA
[2026-01-30 22:12:11] DEBUG: Peak RAM usage: 10 Gb
-----------End assembly log------------
[2026-01-30 22:12:11] root: DEBUG: Disjointigs length: 5162245, N50: 1317250
[2026-01-30 22:12:11] root: INFO: >>>STAGE: consensus
[2026-01-30 22:12:11] root: INFO: Running Minimap2
[2026-01-30 22:13:43] root: INFO: Computing consensus
[2026-01-30 22:16:38] root: INFO: Alignment error rate: 0.037155
[2026-01-30 22:16:38] root: INFO: >>>STAGE: repeat
[2026-01-30 22:16:38] root: INFO: Building and resolving repeat graph
[2026-01-30 22:16:38] root: DEBUG: -----Begin repeat analyser log------
[2026-01-30 22:16:38] root: DEBUG: Running: flye-modules repeat --disjointigs /work/results/flye/10-consensus/consensus.fasta --reads /work/data/raw/SRR32410565.fastq --out-dir /work/results/flye/20-repeat --config /usr/local/lib/python3.10/dist-packages/flye/config/bin_cfg/asm_raw_reads.cfg --log /work/results/flye/flye.log --threads 2 --min-ovlp 3000
[2026-01-30 22:16:38] DEBUG: Build date: May 15 2025 15:22:45
[2026-01-30 22:16:38] DEBUG: Total RAM: 15 Gb
[2026-01-30 22:16:38] DEBUG: Available RAM: 14 Gb
[2026-01-30 22:16:38] DEBUG: Total CPUs: 6
[2026-01-30 22:16:38] DEBUG: Loading /usr/local/lib/python3.10/dist-packages/flye/config/bin_cfg/asm_raw_reads.cfg
[2026-01-30 22:16:38] DEBUG: Loading /usr/local/lib/python3.10/dist-packages/flye/config/bin_cfg/asm_defaults.cfg
[2026-01-30 22:16:38] DEBUG: 	big_genome_threshold=29000000
[2026-01-30 22:16:38] DEBUG: 	meta_read_filter_kmer_freq=100
[2026-01-30 22:16:38] DEBUG: 	chain_large_gap_penalty=2
[2026-01-30 22:16:38] DEBUG: 	chain_small_gap_penalty=0.5
[2026-01-30 22:16:38] DEBUG: 	chain_gap_jump_threshold=100
[2026-01-30 22:16:38] DEBUG: 	max_jump_gap=500
[2026-01-30 22:16:38] DEBUG: 	max_coverage_drop_rate=5
[2026-01-30 22:16:38] DEBUG: 	max_extensions_drop_rate=5
[2026-01-30 22:16:38] DEBUG: 	chimera_window=100
[2026-01-30 22:16:38] DEBUG: 	chimera_overhang=1000
[2026-01-30 22:16:38] DEBUG: 	min_reads_in_disjointig=4
[2026-01-30 22:16:38] DEBUG: 	max_inner_reads=10
[2026-01-30 22:16:38] DEBUG: 	max_inner_fraction=0.25
[2026-01-30 22:16:38] DEBUG: 	aggressive_dup_filter=1
[2026-01-30 22:16:38] DEBUG: 	max_separation=500
[2026-01-30 22:16:38] DEBUG: 	unique_edge_length=50000
[2026-01-30 22:16:38] DEBUG: 	min_repeat_res_support=0.51
[2026-01-30 22:16:38] DEBUG: 	out_paths_ratio=5
[2026-01-30 22:16:38] DEBUG: 	graph_cov_drop_rate=5
[2026-01-30 22:16:38] DEBUG: 	coverage_estimate_window=100
[2026-01-30 22:16:38] DEBUG: 	max_bubble_length=50000
[2026-01-30 22:16:38] DEBUG: 	loop_coverage_rate=1.5
[2026-01-30 22:16:38] DEBUG: 	repeat_edge_cov_mult=1.75
[2026-01-30 22:16:38] DEBUG: 	weak_detach_rate=5
[2026-01-30 22:16:38] DEBUG: 	tip_coverage_rate=2
[2026-01-30 22:16:38] DEBUG: 	tip_length_rate=2
[2026-01-30 22:16:38] DEBUG: 	output_gfa_before_rr=1
[2026-01-30 22:16:38] DEBUG: 	remove_alt_edges=0
[2026-01-30 22:16:38] DEBUG: 	low_cutoff_warning=1
[2026-01-30 22:16:38] DEBUG: 	kmer_size=17
[2026-01-30 22:16:38] DEBUG: 	use_minimizers=0
[2026-01-30 22:16:38] DEBUG: 	reads_base_alignment=0
[2026-01-30 22:16:38] DEBUG: 	meta_read_top_kmer_rate=0.40
[2026-01-30 22:16:38] DEBUG: 	maximum_jump=1500
[2026-01-30 22:16:38] DEBUG: 	maximum_overhang=1500
[2026-01-30 22:16:38] DEBUG: 	repeat_kmer_rate=100
[2026-01-30 22:16:38] DEBUG: 	assemble_ovlp_divergence=0.10
[2026-01-30 22:16:38] DEBUG: 	assemble_divergence_relative=1
[2026-01-30 22:16:38] DEBUG: 	repeat_graph_ovlp_divergence=0.08
[2026-01-30 22:16:38] DEBUG: 	read_align_ovlp_divergence=0.25
[2026-01-30 22:16:38] DEBUG: 	hpc_scoring_on=0
[2026-01-30 22:16:38] DEBUG: 	add_unassembled_reads=0
[2026-01-30 22:16:38] DEBUG: 	extend_contigs_with_repeats=0
[2026-01-30 22:16:38] DEBUG: 	min_read_cov_cutoff=3
[2026-01-30 22:16:38] DEBUG: 	short_tip_length=20000
[2026-01-30 22:16:38] DEBUG: 	long_tip_length=100000
[2026-01-30 22:16:38] DEBUG: Running with k-mer size: 17
[2026-01-30 22:16:38] DEBUG: Selected minimum overlap 3000
[2026-01-30 22:16:38] DEBUG: Metagenome mode: N
[2026-01-30 22:16:38] INFO: Parsing disjointigs
[2026-01-30 22:16:38] DEBUG: Building positional index
[2026-01-30 22:16:38] DEBUG: Total sequence: 5168876 bp
[2026-01-30 22:16:38] INFO: Building repeat graph
[2026-01-30 22:16:38] DEBUG: Mean k-mer frequency: 1.03457
[2026-01-30 22:16:38] DEBUG: Repetitive k-mer frequency: 103
[2026-01-30 22:16:38] DEBUG: Filtered 0 repetitive k-mers (0)
[2026-01-30 22:16:39] DEBUG: Sorting k-mer index
[2026-01-30 22:16:39] DEBUG: Selected k-mers: 4995975
[2026-01-30 22:16:39] DEBUG: K-mer index size: 5168706
[2026-01-30 22:16:39] DEBUG: Mean k-mer frequency: 1.03457
[2026-01-30 22:16:39] DEBUG: Minimizer rate: 1.00003
[2026-01-30 22:16:40] DEBUG: Computing transitive closure for overlaps
[2026-01-30 22:16:40] DEBUG: Found 624 overlaps
[2026-01-30 22:16:40] DEBUG: Left 260 overlaps after filtering
[2026-01-30 22:16:40] INFO: Median overlap divergence: 0.0484381
[2026-01-30 22:16:40] DEBUG: Sequence divergence distribution: 

    | *              |                                                                                   
    | *              |                                                                                   
    | *              |                                                                                   
    | *              |                                                                                   
    | *              |                                                                                   
    | *              |                                                                                   
    |**              |                                                                                   
    |**              |                                                                                   
    |**              |                                                                                   
    |**              |                                                                                   
    |** *            |                                                                                   
    |** *            |                                                                                   
    |** *            |                                                                                   
    |****  *  *    **|*       *             *      *     *                                               
    |****  *  *    **|*       *             *      *     *                                               
    |****  *  *    **|*       *             *      *     *                                               
    |****  *  **  ***|*       *             *      *     *                                               
    |****  *  **  ***|*       *             *      *     *                                               
    |****  *  **  ***|*       *             *      *     *                                               
    |****  *  **  ***|*       *             *      *     *                                               
    ----------------------------------------------------------------------------------------------------
    0%        5%        10%       15%       20%       25%       30%       35%       40%       45%       

    Q25 = 0.0096, Q50 = 0.048, Q75 = 0.09

[2026-01-30 22:16:40] DEBUG: Computing gluepoints
[2026-01-30 22:16:40] DEBUG: Added 0 gluepoint projections
[2026-01-30 22:16:40] DEBUG: Created 206 gluepoints
[2026-01-30 22:16:40] DEBUG: Artificial loops removed: 11 left, 11 right, 0 both
[2026-01-30 22:16:40] DEBUG: Initializing edges
[2026-01-30 22:16:40] DEBUG: Edges length checksum: 11378864532
[2026-01-30 22:16:40] DEBUG: Filtered 0 singleton segments
[2026-01-30 22:16:40] DEBUG: Removed 0 simple and 0 double chimeric junctions
[2026-01-30 22:16:40] DEBUG: Collapsed 16 edges
[2026-01-30 22:16:40] DEBUG:  	2	+disjointig_1	1805	7657	5852	
[2026-01-30 22:16:40] DEBUG: *	42	+disjointig_1	7657	156685	149028	
[2026-01-30 22:16:40] DEBUG:  	2	+disjointig_1	156685	162631	5946	
[2026-01-30 22:16:40] DEBUG: *	11	+disjointig_1	162631	384772	222141	
[2026-01-30 22:16:40] DEBUG:  	15	+disjointig_1	384772	387955	3183	
[2026-01-30 22:16:40] DEBUG: *	17	+disjointig_1	387955	939476	551521	
[2026-01-30 22:16:40] DEBUG: *	48	+disjointig_1	939476	955332	15856	
[2026-01-30 22:16:40] DEBUG: *	24	+disjointig_1	955332	1224659	269327	
[2026-01-30 22:16:40] DEBUG: *	49	+disjointig_1	1224659	1230949	6290	
[2026-01-30 22:16:40] DEBUG: *	-44	+disjointig_1	1230949	1311919	80970	
[2026-01-30 22:16:40] DEBUG:  	-2	+disjointig_1	1311919	1317614	5695	
[2026-01-30 22:16:40] DEBUG: *	51	+disjointig_10	2136	36900	34764	
[2026-01-30 22:16:40] DEBUG: *	-45	+disjointig_2	5119	445277	440158	
[2026-01-30 22:16:40] DEBUG:  	-2	+disjointig_2	445277	450525	5248	
[2026-01-30 22:16:40] DEBUG: *	43	+disjointig_2	450525	495476	44951	
[2026-01-30 22:16:40] DEBUG:  	15	+disjointig_2	495476	498658	3182	
[2026-01-30 22:16:40] DEBUG: *	47	+disjointig_2	498658	723233	224575	
[2026-01-30 22:16:40] DEBUG:  	-52	+disjointig_2	723233	726387	3154	
[2026-01-30 22:16:40] DEBUG: *	-33	+disjointig_2	726387	750721	24334	
[2026-01-30 22:16:40] DEBUG:  	-50	+disjointig_2	750721	754433	3712	
[2026-01-30 22:16:40] DEBUG: *	-21	+disjointig_2	754433	1709815	955382	
[2026-01-30 22:16:40] DEBUG:  	-15	+disjointig_3	2516	5853	3337	
[2026-01-30 22:16:40] DEBUG: *	-5	+disjointig_3	5853	559888	554035	
[2026-01-30 22:16:40] DEBUG:  	2	+disjointig_3	559888	565540	5652	
[2026-01-30 22:16:40] DEBUG:  	2	+disjointig_4	17	5267	5250	
[2026-01-30 22:16:40] DEBUG: *	46	+disjointig_4	5267	731310	726043	
[2026-01-30 22:16:40] DEBUG:  	-15	+disjointig_4	731310	734656	3346	
[2026-01-30 22:16:40] DEBUG:  	-2	+disjointig_5	790	6032	5242	
[2026-01-30 22:16:40] DEBUG: *	8	+disjointig_5	6032	27433	21401	
[2026-01-30 22:16:40] DEBUG:  	-52	+disjointig_5	27433	30587	3154	
[2026-01-30 22:16:40] DEBUG:  	-2	+disjointig_6	988	6405	5417	
[2026-01-30 22:16:40] DEBUG: *	3	+disjointig_6	6405	96882	90477	
[2026-01-30 22:16:40] DEBUG:  	-2	+disjointig_6	96882	102754	5872	
[2026-01-30 22:16:40] DEBUG: *	-6	+disjointig_7	6020	80816	74796	
[2026-01-30 22:16:40] DEBUG:  	2	+disjointig_7	80816	86665	5849	
[2026-01-30 22:16:40] DEBUG: *	-4	+disjointig_7	86665	124806	38141	
[2026-01-30 22:16:40] DEBUG:  	2	+disjointig_7	124806	129889	5083	
[2026-01-30 22:16:40] DEBUG: *	30	+disjointig_8	3641	385410	381769	
[2026-01-30 22:16:40] DEBUG:  	50	+disjointig_8	385410	389054	3644	
[2026-01-30 22:16:40] DEBUG: *	53	+disjointig_9	12900	121958	109058	
[2026-01-30 22:16:40] DEBUG: Total edges: 53
[2026-01-30 22:16:40] INFO: Parsing reads
[2026-01-30 22:16:42] DEBUG: Building positional index
[2026-01-30 22:16:42] DEBUG: Total sequence: 809296219 bp
[2026-01-30 22:16:42] DEBUG: Building positional index
[2026-01-30 22:16:42] DEBUG: Total sequence: 5102835 bp
[2026-01-30 22:16:42] INFO: Aligning reads to the graph
[2026-01-30 22:16:43] DEBUG: Mean k-mer frequency: 1.02353
[2026-01-30 22:16:43] DEBUG: Repetitive k-mer frequency: 102
[2026-01-30 22:16:43] DEBUG: Filtered 0 repetitive k-mers (0)
[2026-01-30 22:16:43] DEBUG: Sorting k-mer index
[2026-01-30 22:16:43] DEBUG: Selected k-mers: 4984879
[2026-01-30 22:16:43] DEBUG: K-mer index size: 5102155
[2026-01-30 22:16:43] DEBUG: Mean k-mer frequency: 1.02353
[2026-01-30 22:16:43] DEBUG: Minimizer rate: 1.00013
[2026-01-30 22:18:23] DEBUG: Total reads : 142241
[2026-01-30 22:18:23] DEBUG: Read with aligned parts : 141177
[2026-01-30 22:18:23] DEBUG: Aligned in one piece : 140936
[2026-01-30 22:18:23] INFO: Aligned read sequence: 682152904 / 689064639 (0.989969)
[2026-01-30 22:18:23] INFO: Median overlap divergence: 0.00474823
[2026-01-30 22:18:23] DEBUG: Sequence divergence distribution: 

    |*                                                 |                                                 
    |*                                                 |                                                 
    |*                                                 |                                                 
    |*                                                 |                                                 
    |*                                                 |                                                 
    |*                                                 |                                                 
    |*                                                 |                                                 
    |*                                                 |                                                 
    |*                                                 |                                                 
    |**                                                |                                                 
    |**                                                |                                                 
    |**                                                |                                                 
    |**                                                |                                                 
    |**                                                |                                                 
    |**                                                |                                                 
    |**                                                |                                                 
    |**                                                |                                                 
    |***                                               |                                                 
    |***                                               |                                                 
    |************************************************* | * *                                             
    ----------------------------------------------------------------------------------------------------
    0%        5%        10%       15%       20%       25%       30%       35%       40%       45%       

    Q25 = 0.0035, Q50 = 0.0047, Q75 = 0.0072

[2026-01-30 22:18:23] INFO: Mean edge coverage: 133
[2026-01-30 22:18:23] DEBUG: 2	len:5555	cov:1144	mult:8.6015
[2026-01-30 22:18:23] DEBUG: -2	len:5555	cov:1144	mult:8.6015
[2026-01-30 22:18:23] DEBUG: 3	len:90477	cov:162	mult:1.21805
[2026-01-30 22:18:23] DEBUG: -3	len:90477	cov:162	mult:1.21805
[2026-01-30 22:18:23] DEBUG: 4	len:38141	cov:157	mult:1.18045
[2026-01-30 22:18:23] DEBUG: -4	len:38141	cov:157	mult:1.18045
[2026-01-30 22:18:23] DEBUG: 5	len:554035	cov:118	mult:0.887218
[2026-01-30 22:18:23] DEBUG: -5	len:554035	cov:118	mult:0.887218
[2026-01-30 22:18:23] DEBUG: 6	len:74796	cov:152	mult:1.14286
[2026-01-30 22:18:23] DEBUG: -6	len:74796	cov:152	mult:1.14286
[2026-01-30 22:18:23] DEBUG: 8	len:21401	cov:132	mult:0.992481
[2026-01-30 22:18:23] DEBUG: -8	len:21401	cov:132	mult:0.992481
[2026-01-30 22:18:23] DEBUG: 11	len:222141	cov:134	mult:1.00752
[2026-01-30 22:18:23] DEBUG: -11	len:222141	cov:134	mult:1.00752
[2026-01-30 22:18:23] DEBUG: 15	len:3262	cov:313	mult:2.35338
[2026-01-30 22:18:23] DEBUG: -15	len:3262	cov:313	mult:2.35338
[2026-01-30 22:18:23] DEBUG: 17	len:551521	cov:153	mult:1.15038
[2026-01-30 22:18:23] DEBUG: -17	len:551521	cov:153	mult:1.15038
[2026-01-30 22:18:23] DEBUG: 21	len:955382	cov:107	mult:0.804511
[2026-01-30 22:18:23] DEBUG: -21	len:955382	cov:107	mult:0.804511
[2026-01-30 22:18:23] DEBUG: 24	len:269327	cov:113	mult:0.849624
[2026-01-30 22:18:23] DEBUG: -24	len:269327	cov:113	mult:0.849624
[2026-01-30 22:18:23] DEBUG: 30	len:381769	cov:115	mult:0.864662
[2026-01-30 22:18:23] DEBUG: -30	len:381769	cov:115	mult:0.864662
[2026-01-30 22:18:23] DEBUG: 33	len:24334	cov:126	mult:0.947368
[2026-01-30 22:18:23] DEBUG: -33	len:24334	cov:126	mult:0.947368
[2026-01-30 22:18:23] DEBUG: 42	len:149028	cov:157	mult:1.18045
[2026-01-30 22:18:23] DEBUG: -42	len:149028	cov:157	mult:1.18045
[2026-01-30 22:18:23] DEBUG: 43	len:44951	cov:141	mult:1.06015
[2026-01-30 22:18:23] DEBUG: -43	len:44951	cov:141	mult:1.06015
[2026-01-30 22:18:23] DEBUG: 44	len:80970	cov:174	mult:1.30827
[2026-01-30 22:18:23] DEBUG: -44	len:80970	cov:174	mult:1.30827
[2026-01-30 22:18:23] DEBUG: 45	len:440158	cov:156	mult:1.17293
[2026-01-30 22:18:23] DEBUG: -45	len:440158	cov:156	mult:1.17293
[2026-01-30 22:18:23] DEBUG: 46	len:726043	cov:140	mult:1.05263
[2026-01-30 22:18:23] DEBUG: -46	len:726043	cov:140	mult:1.05263
[2026-01-30 22:18:23] DEBUG: 47	len:224575	cov:108	mult:0.81203
[2026-01-30 22:18:23] DEBUG: -47	len:224575	cov:108	mult:0.81203
[2026-01-30 22:18:23] DEBUG: 48	len:15856	cov:262	mult:1.96992
[2026-01-30 22:18:23] DEBUG: -48	len:15856	cov:262	mult:1.96992
[2026-01-30 22:18:23] DEBUG: 49	len:6290	cov:80	mult:0.601504
[2026-01-30 22:18:23] DEBUG: -49	len:6290	cov:80	mult:0.601504
[2026-01-30 22:18:23] DEBUG: 50	len:3678	cov:236	mult:1.77444
[2026-01-30 22:18:23] DEBUG: -50	len:3678	cov:236	mult:1.77444
[2026-01-30 22:18:23] DEBUG: 51	len:34764	cov:130	mult:0.977444
[2026-01-30 22:18:23] DEBUG: -51	len:34764	cov:130	mult:0.977444
[2026-01-30 22:18:23] DEBUG: 52	len:3154	cov:266	mult:2
[2026-01-30 22:18:23] DEBUG: -52	len:3154	cov:266	mult:2
[2026-01-30 22:18:23] DEBUG: 53	len:109058	cov:195	mult:1.46617
[2026-01-30 22:18:23] DEBUG: -53	len:109058	cov:195	mult:1.46617
[2026-01-30 22:18:23] DEBUG: Unique coverage threshold 274
[2026-01-30 22:18:23] INFO: Simplifying the graph
[2026-01-30 22:18:23] DEBUG: Read coverage cutoff: 27
[2026-01-30 22:18:23] DEBUG: [SIMPL] Removed 0 paths with low coverage
[2026-01-30 22:18:23] DEBUG: [SIMPL] Masked 0 heterozygous loops
[2026-01-30 22:18:23] DEBUG: Regular bubble: {50,3678,236} {52,3154,266}
[2026-01-30 22:18:23] DEBUG: 	Internal: {33,24334,126} {51,34764,130}
[2026-01-30 22:18:23] DEBUG: [SIMPL] Masked 1 simple bubbles
[2026-01-30 22:18:23] DEBUG: Finding repeats
[2026-01-30 22:18:23] DEBUG: Read coverage cutoff: 27
[2026-01-30 22:18:23] DEBUG: High-cov: 2	5555	1144
[2026-01-30 22:18:23] DEBUG: High-cov: 15	3262	313
[2026-01-30 22:18:23] DEBUG: Haplo-edge: 33
[2026-01-30 22:18:23] DEBUG: Haplo-edge: 51
[2026-01-30 22:18:23] DEBUG: Repeat detection iteration 1
[2026-01-30 22:18:23] DEBUG: Starting 52 aln:377
[2026-01-30 22:18:23] DEBUG: 	      -8	num:104	flank:3266	span:5
[2026-01-30 22:18:23] DEBUG: 	      -47	num:119	flank:3355	span:5
[2026-01-30 22:18:23] DEBUG: Mult: 52	3154	266	 (0,1)
[2026-01-30 22:18:23] DEBUG: Starting -50 aln:339
[2026-01-30 22:18:23] DEBUG: 	      -21	num:81	flank:3420	span:3
[2026-01-30 22:18:23] DEBUG: 	      -30	num:74	flank:3580	span:3
[2026-01-30 22:18:23] DEBUG: Mult: 50	3678	236	 (1,0)
[2026-01-30 22:18:23] DEBUG: Starting 49 aln:171
[2026-01-30 22:18:23] DEBUG: 	      30	num:16	flank:2561	span:3
[2026-01-30 22:18:23] DEBUG: 	      -44	num:29	flank:2638	span:5
[2026-01-30 22:18:23] DEBUG: Starting -49 aln:171
[2026-01-30 22:18:23] DEBUG: 	      -45	num:87	flank:3514	span:3
[2026-01-30 22:18:23] DEBUG: 	      -24	num:39	flank:2758	span:1
[2026-01-30 22:18:23] DEBUG: Mult: 49	6290	80	 (1,1)
[2026-01-30 22:18:23] DEBUG: Starting 48 aln:431
[2026-01-30 22:18:23] DEBUG: 	      -6	num:117	flank:4292	span:5
[2026-01-30 22:18:23] DEBUG: 	      24	num:108	flank:3386	span:3
[2026-01-30 22:18:23] DEBUG: Starting -48 aln:431
[2026-01-30 22:18:23] DEBUG: 	      -17	num:136	flank:4095	span:3
[2026-01-30 22:18:23] DEBUG: 	      21	num:70	flank:4134	span:1
[2026-01-30 22:18:23] DEBUG: Mult: 48	15856	262	 (1,1)
[2026-01-30 22:18:23] DEBUG: Writing Dot
[2026-01-30 22:18:23] DEBUG: Writing FASTA
[2026-01-30 22:18:23] DEBUG: Writing Gfa
[2026-01-30 22:18:23] DEBUG: [SIMPL] == Iteration 1 ==
[2026-01-30 22:18:23] DEBUG: Splitting nodes
[2026-01-30 22:18:23] DEBUG: [SIMPL] Split 0 nodes
[2026-01-30 22:18:23] DEBUG: [SIMPL] Clipped 0 short and 0 long tips
[2026-01-30 22:18:23] DEBUG: [SIMPL] Masked 0 heterozygous loops
[2026-01-30 22:18:23] DEBUG: Regular bubble: {50,3678,236} {52,3154,266}
[2026-01-30 22:18:23] DEBUG: 	Internal: {33,24334,126} {51,34764,130}
[2026-01-30 22:18:23] DEBUG: [SIMPL] Masked 1 simple bubbles
[2026-01-30 22:18:23] DEBUG: Finding repeats
[2026-01-30 22:18:23] DEBUG: Read coverage cutoff: 27
[2026-01-30 22:18:23] DEBUG: High-cov: 2	5555	1144
[2026-01-30 22:18:23] DEBUG: High-cov: 15	3262	313
[2026-01-30 22:18:23] DEBUG: Haplo-edge: 33
[2026-01-30 22:18:23] DEBUG: Haplo-edge: 51
[2026-01-30 22:18:23] DEBUG: Repeat detection iteration 1
[2026-01-30 22:18:23] DEBUG: Starting 52 aln:377
[2026-01-30 22:18:23] DEBUG: 	      -8	num:104	flank:3266	span:5
[2026-01-30 22:18:23] DEBUG: 	      -47	num:119	flank:3355	span:5
[2026-01-30 22:18:23] DEBUG: Mult: 52	3154	266	 (0,1)
[2026-01-30 22:18:23] DEBUG: Starting -50 aln:339
[2026-01-30 22:18:23] DEBUG: 	      -21	num:81	flank:3420	span:3
[2026-01-30 22:18:23] DEBUG: 	      -30	num:74	flank:3580	span:3
[2026-01-30 22:18:23] DEBUG: Mult: 50	3678	236	 (1,0)
[2026-01-30 22:18:23] DEBUG: Starting 49 aln:171
[2026-01-30 22:18:23] DEBUG: 	      30	num:16	flank:2561	span:3
[2026-01-30 22:18:23] DEBUG: 	      -44	num:29	flank:2638	span:5
[2026-01-30 22:18:23] DEBUG: Starting -49 aln:171
[2026-01-30 22:18:23] DEBUG: 	      -45	num:87	flank:3514	span:3
[2026-01-30 22:18:23] DEBUG: 	      -24	num:39	flank:2758	span:1
[2026-01-30 22:18:23] DEBUG: Mult: 49	6290	80	 (1,1)
[2026-01-30 22:18:23] DEBUG: Starting 48 aln:431
[2026-01-30 22:18:23] DEBUG: 	      -6	num:117	flank:4292	span:5
[2026-01-30 22:18:23] DEBUG: 	      24	num:108	flank:3386	span:3
[2026-01-30 22:18:23] DEBUG: Starting -48 aln:431
[2026-01-30 22:18:23] DEBUG: 	      -17	num:136	flank:4095	span:3
[2026-01-30 22:18:23] DEBUG: 	      21	num:70	flank:4134	span:1
[2026-01-30 22:18:23] DEBUG: Mult: 48	15856	262	 (1,1)
[2026-01-30 22:18:23] DEBUG: Total unique edges: 17
[2026-01-30 22:18:23] DEBUG: 	Connection 3	-42	1	1
[2026-01-30 22:18:23] DEBUG: 	Connection -3	44	3	1
[2026-01-30 22:18:23] DEBUG: 	Connection -45	43	5	1
[2026-01-30 22:18:23] DEBUG: 	Connection 43	-46	26	1
[2026-01-30 22:18:23] DEBUG: 	Connection 5	47	12	1
[2026-01-30 22:18:23] DEBUG: 	Connection 4	6	1	1
[2026-01-30 22:18:23] DEBUG: 	Connection 11	17	23	1
[2026-01-30 22:18:23] DEBUG: 	Connection -46	8	4	1
[2026-01-30 22:18:23] DEBUG: 	Connection -42	4	2	1
[2026-01-30 22:18:23] DEBUG: [SIMPL] Resolved repeats: 9
[2026-01-30 22:18:23] DEBUG: RR links: 154
[2026-01-30 22:18:23] DEBUG: Unresolved: 0
[2026-01-30 22:18:23] DEBUG: Removed 0 simple and 0 double chimeric junctions
[2026-01-30 22:18:23] DEBUG: [SIMPL] == Iteration 2 ==
[2026-01-30 22:18:23] DEBUG: Splitting nodes
[2026-01-30 22:18:23] DEBUG: [SIMPL] Split 0 nodes
[2026-01-30 22:18:23] DEBUG: [SIMPL] Clipped 0 short and 0 long tips
[2026-01-30 22:18:23] DEBUG: [SIMPL] Masked 0 heterozygous loops
[2026-01-30 22:18:23] DEBUG: Regular bubble: {50,3678,236} {52,3154,266}
[2026-01-30 22:18:23] DEBUG: 	Internal: {33,24334,126} {51,34764,130}
[2026-01-30 22:18:23] DEBUG: [SIMPL] Masked 1 simple bubbles
[2026-01-30 22:18:23] DEBUG: Finding repeats
[2026-01-30 22:18:23] DEBUG: Read coverage cutoff: 27
[2026-01-30 22:18:23] DEBUG: Haplo-edge: 33
[2026-01-30 22:18:23] DEBUG: Haplo-edge: 51
[2026-01-30 22:18:23] DEBUG: Repeat detection iteration 1
[2026-01-30 22:18:23] DEBUG: Starting 52 aln:377
[2026-01-30 22:18:23] DEBUG: 	      -8	num:104	flank:3266	span:5
[2026-01-30 22:18:23] DEBUG: 	      -47	num:119	flank:3355	span:5
[2026-01-30 22:18:23] DEBUG: Mult: 52	3154	266	 (0,1)
[2026-01-30 22:18:23] DEBUG: Starting -50 aln:339
[2026-01-30 22:18:23] DEBUG: 	      -21	num:81	flank:3420	span:3
[2026-01-30 22:18:23] DEBUG: 	      -30	num:74	flank:3580	span:3
[2026-01-30 22:18:23] DEBUG: Mult: 50	3678	236	 (1,0)
[2026-01-30 22:18:23] DEBUG: Starting 49 aln:171
[2026-01-30 22:18:23] DEBUG: 	      30	num:16	flank:2561	span:3
[2026-01-30 22:18:23] DEBUG: 	      -44	num:29	flank:2638	span:5
[2026-01-30 22:18:23] DEBUG: Starting -49 aln:171
[2026-01-30 22:18:23] DEBUG: 	      -45	num:87	flank:3514	span:3
[2026-01-30 22:18:23] DEBUG: 	      -24	num:39	flank:2758	span:1
[2026-01-30 22:18:23] DEBUG: Mult: 49	6290	80	 (1,1)
[2026-01-30 22:18:23] DEBUG: Starting 48 aln:431
[2026-01-30 22:18:23] DEBUG: 	      -6	num:117	flank:4292	span:5
[2026-01-30 22:18:23] DEBUG: 	      24	num:108	flank:3386	span:3
[2026-01-30 22:18:23] DEBUG: Starting -48 aln:431
[2026-01-30 22:18:23] DEBUG: 	      -17	num:136	flank:4095	span:3
[2026-01-30 22:18:23] DEBUG: 	      21	num:70	flank:4134	span:1
[2026-01-30 22:18:23] DEBUG: Mult: 48	15856	262	 (1,1)
[2026-01-30 22:18:23] DEBUG: Total unique edges: 27
[2026-01-30 22:18:23] DEBUG: [SIMPL] Resolved repeats: 0
[2026-01-30 22:18:23] DEBUG: RR links: 0
[2026-01-30 22:18:23] DEBUG: Unresolved: 0
[2026-01-30 22:18:23] DEBUG: Removed 0 simple and 0 double chimeric junctions
[2026-01-30 22:18:23] DEBUG: [SIMPL] Collapsed 1 haplotypes
[2026-01-30 22:18:23] DEBUG: [SIMPL] Resolved 0 simple repeats
[2026-01-30 22:18:23] DEBUG: Read coverage cutoff: 27
[2026-01-30 22:18:23] DEBUG: [SIMPL] Removed 0 paths with low coverage
[2026-01-30 22:18:23] DEBUG: Finding repeats
[2026-01-30 22:18:23] DEBUG: Read coverage cutoff: 27
[2026-01-30 22:18:23] DEBUG: Haplo-edge: 33
[2026-01-30 22:18:23] DEBUG: Haplo-edge: 51
[2026-01-30 22:18:23] DEBUG: Repeat detection iteration 1
[2026-01-30 22:18:23] DEBUG: Starting 49 aln:171
[2026-01-30 22:18:23] DEBUG: 	      30	num:16	flank:2561	span:3
[2026-01-30 22:18:23] DEBUG: 	      -44	num:29	flank:2638	span:5
[2026-01-30 22:18:23] DEBUG: Starting -49 aln:171
[2026-01-30 22:18:23] DEBUG: 	      -45	num:87	flank:3514	span:3
[2026-01-30 22:18:23] DEBUG: 	      -24	num:39	flank:2758	span:1
[2026-01-30 22:18:23] DEBUG: Mult: 49	6290	80	 (1,1)
[2026-01-30 22:18:23] DEBUG: Starting 48 aln:431
[2026-01-30 22:18:23] DEBUG: 	      -6	num:117	flank:4292	span:5
[2026-01-30 22:18:23] DEBUG: 	      24	num:108	flank:3386	span:3
[2026-01-30 22:18:23] DEBUG: Starting -48 aln:431
[2026-01-30 22:18:23] DEBUG: 	      -17	num:136	flank:4095	span:3
[2026-01-30 22:18:23] DEBUG: 	      21	num:70	flank:4134	span:1
[2026-01-30 22:18:23] DEBUG: Mult: 48	15856	262	 (1,1)
[2026-01-30 22:18:23] DEBUG: Starting 52 aln:223
[2026-01-30 22:18:23] DEBUG: 	      -8	num:104	flank:3149	span:5
[2026-01-30 22:18:23] DEBUG: 	      -47	num:119	flank:3151	span:5
[2026-01-30 22:18:23] DEBUG: Starting -50 aln:155
[2026-01-30 22:18:23] DEBUG: 	      -21	num:81	flank:3420	span:3
[2026-01-30 22:18:23] DEBUG: 	      -30	num:74	flank:3580	span:3
[2026-01-30 22:18:23] DEBUG: Mult: 50 -> 63 -> 52	31166	250	 (1,1)
[2026-01-30 22:18:23] DEBUG: Writing Dot
[2026-01-30 22:18:24] DEBUG: Writing FASTA
[2026-01-30 22:18:24] DEBUG: Peak RAM usage: 0 Gb
-----------End assembly log------------
[2026-01-30 22:18:24] root: INFO: >>>STAGE: contigger
[2026-01-30 22:18:24] root: INFO: Generating contigs
[2026-01-30 22:18:24] root: DEBUG: -----Begin contigger analyser log------
[2026-01-30 22:18:24] root: DEBUG: Running: flye-modules contigger --graph-edges /work/results/flye/20-repeat/repeat_graph_edges.fasta --reads /work/data/raw/SRR32410565.fastq --out-dir /work/results/flye/30-contigger --config /usr/local/lib/python3.10/dist-packages/flye/config/bin_cfg/asm_raw_reads.cfg --repeat-graph /work/results/flye/20-repeat/repeat_graph_dump --graph-aln /work/results/flye/20-repeat/read_alignment_dump --log /work/results/flye/flye.log --threads 2 --min-ovlp 3000
[2026-01-30 22:18:24] DEBUG: Build date: May 15 2025 15:22:57
[2026-01-30 22:18:24] DEBUG: Total RAM: 15 Gb
[2026-01-30 22:18:24] DEBUG: Available RAM: 14 Gb
[2026-01-30 22:18:24] DEBUG: Total CPUs: 6
[2026-01-30 22:18:24] DEBUG: Loading /usr/local/lib/python3.10/dist-packages/flye/config/bin_cfg/asm_raw_reads.cfg
[2026-01-30 22:18:24] DEBUG: Loading /usr/local/lib/python3.10/dist-packages/flye/config/bin_cfg/asm_defaults.cfg
[2026-01-30 22:18:24] DEBUG: 	big_genome_threshold=29000000
[2026-01-30 22:18:24] DEBUG: 	meta_read_filter_kmer_freq=100
[2026-01-30 22:18:24] DEBUG: 	chain_large_gap_penalty=2
[2026-01-30 22:18:24] DEBUG: 	chain_small_gap_penalty=0.5
[2026-01-30 22:18:24] DEBUG: 	chain_gap_jump_threshold=100
[2026-01-30 22:18:24] DEBUG: 	max_jump_gap=500
[2026-01-30 22:18:24] DEBUG: 	max_coverage_drop_rate=5
[2026-01-30 22:18:24] DEBUG: 	max_extensions_drop_rate=5
[2026-01-30 22:18:24] DEBUG: 	chimera_window=100
[2026-01-30 22:18:24] DEBUG: 	chimera_overhang=1000
[2026-01-30 22:18:24] DEBUG: 	min_reads_in_disjointig=4
[2026-01-30 22:18:24] DEBUG: 	max_inner_reads=10
[2026-01-30 22:18:24] DEBUG: 	max_inner_fraction=0.25
[2026-01-30 22:18:24] DEBUG: 	aggressive_dup_filter=1
[2026-01-30 22:18:24] DEBUG: 	max_separation=500
[2026-01-30 22:18:24] DEBUG: 	unique_edge_length=50000
[2026-01-30 22:18:24] DEBUG: 	min_repeat_res_support=0.51
[2026-01-30 22:18:24] DEBUG: 	out_paths_ratio=5
[2026-01-30 22:18:24] DEBUG: 	graph_cov_drop_rate=5
[2026-01-30 22:18:24] DEBUG: 	coverage_estimate_window=100
[2026-01-30 22:18:24] DEBUG: 	max_bubble_length=50000
[2026-01-30 22:18:24] DEBUG: 	loop_coverage_rate=1.5
[2026-01-30 22:18:24] DEBUG: 	repeat_edge_cov_mult=1.75
[2026-01-30 22:18:24] DEBUG: 	weak_detach_rate=5
[2026-01-30 22:18:24] DEBUG: 	tip_coverage_rate=2
[2026-01-30 22:18:24] DEBUG: 	tip_length_rate=2
[2026-01-30 22:18:24] DEBUG: 	output_gfa_before_rr=1
[2026-01-30 22:18:24] DEBUG: 	remove_alt_edges=0
[2026-01-30 22:18:24] DEBUG: 	low_cutoff_warning=1
[2026-01-30 22:18:24] DEBUG: 	kmer_size=17
[2026-01-30 22:18:24] DEBUG: 	use_minimizers=0
[2026-01-30 22:18:24] DEBUG: 	reads_base_alignment=0
[2026-01-30 22:18:24] DEBUG: 	meta_read_top_kmer_rate=0.40
[2026-01-30 22:18:24] DEBUG: 	maximum_jump=1500
[2026-01-30 22:18:24] DEBUG: 	maximum_overhang=1500
[2026-01-30 22:18:24] DEBUG: 	repeat_kmer_rate=100
[2026-01-30 22:18:24] DEBUG: 	assemble_ovlp_divergence=0.10
[2026-01-30 22:18:24] DEBUG: 	assemble_divergence_relative=1
[2026-01-30 22:18:24] DEBUG: 	repeat_graph_ovlp_divergence=0.08
[2026-01-30 22:18:24] DEBUG: 	read_align_ovlp_divergence=0.25
[2026-01-30 22:18:24] DEBUG: 	hpc_scoring_on=0
[2026-01-30 22:18:24] DEBUG: 	add_unassembled_reads=0
[2026-01-30 22:18:24] DEBUG: 	extend_contigs_with_repeats=0
[2026-01-30 22:18:24] DEBUG: 	min_read_cov_cutoff=3
[2026-01-30 22:18:24] DEBUG: 	short_tip_length=20000
[2026-01-30 22:18:24] DEBUG: 	long_tip_length=100000
[2026-01-30 22:18:24] DEBUG: Running with k-mer size: 17
[2026-01-30 22:18:24] DEBUG: Selected minimum overlap 3000
[2026-01-30 22:18:24] INFO: Reading sequences
[2026-01-30 22:18:26] DEBUG: Building positional index
[2026-01-30 22:18:26] DEBUG: Total sequence: 809296219 bp
[2026-01-30 22:18:27] DEBUG: Flipped 0
[2026-01-30 22:18:27] DEBUG: UPath 1: -47 -> 58 -> -5 -> 2 -> 11 -> 60 -> 17
[2026-01-30 22:18:27] DEBUG: UPath 2: -44 -> -55 -> 3 -> 54 -> -42 -> -62 -> 4 -> -59 -> 6
[2026-01-30 22:18:27] DEBUG: UPath 3: -45 -> 56 -> 43 -> 57 -> -46 -> -61 -> 8
[2026-01-30 22:18:27] DEBUG: UPath 4: 21
[2026-01-30 22:18:27] DEBUG: UPath 5: 24
[2026-01-30 22:18:27] DEBUG: UPath 6: 30
[2026-01-30 22:18:27] DEBUG: UPath 7: 33
[2026-01-30 22:18:27] DEBUG: UPath 8: 48
[2026-01-30 22:18:27] DEBUG: UPath 9: 49
[2026-01-30 22:18:27] DEBUG: UPath 10: 50 -> 63 -> 52
[2026-01-30 22:18:27] DEBUG: UPath 11: 51
[2026-01-30 22:18:27] DEBUG: UPath 12: 53
[2026-01-30 22:18:27] DEBUG: Final graph contains 12 egdes
[2026-01-30 22:18:27] DEBUG: Extending contigs into repeats
[2026-01-30 22:18:27] DEBUG: Covered 0 repetitive contigs
[2026-01-30 22:18:27] INFO: Generated 12 contigs
[2026-01-30 22:18:27] DEBUG: Writing FASTA
[2026-01-30 22:18:27] DEBUG: Generating scaffold connections
[2026-01-30 22:18:27] INFO: Added 0 scaffold connections
[2026-01-30 22:18:27] DEBUG: Writing Dot
[2026-01-30 22:18:27] DEBUG: Writing FASTA
[2026-01-30 22:18:27] DEBUG: Writing Gfa
[2026-01-30 22:18:27] DEBUG: Peak RAM usage: 0 Gb
-----------End assembly log------------
[2026-01-30 22:18:27] root: INFO: >>>STAGE: polishing
[2026-01-30 22:18:27] root: INFO: Polishing genome (1/1)
[2026-01-30 22:18:27] root: INFO: Running minimap2
[2026-01-30 22:19:56] root: INFO: Separating alignment into bubbles
[2026-01-30 22:23:47] root: DEBUG: Generated 355796 bubbles
[2026-01-30 22:23:47] root: DEBUG: Split 1 long bubbles
[2026-01-30 22:23:47] root: DEBUG: Skipped 0 empty bubbles
[2026-01-30 22:23:47] root: DEBUG: Skipped 0 bubbles with long branches
[2026-01-30 22:23:47] root: INFO: Alignment error rate: 0.018026
[2026-01-30 22:23:47] root: INFO: Correcting bubbles
[2026-01-30 22:24:52] root: DEBUG: Mean contig coverage: 159, selected threshold: 32
[2026-01-30 22:24:52] root: DEBUG: Filtered 3 contigs of total length 61824
[2026-01-30 22:24:52] root: DEBUG: Generating polished GFA
[2026-01-30 22:24:54] root: DEBUG: 1 sequences remained unpolished
[2026-01-30 22:24:54] root: INFO: >>>STAGE: finalize
[2026-01-30 22:24:54] root: DEBUG: ---Output dir contents:----
[2026-01-30 22:24:54] root: DEBUG: flye/
[2026-01-30 22:24:54] root: DEBUG:     4.0 M       assembly_graph.gfa
[2026-01-30 22:24:54] root: DEBUG:     92.0 B      params.json
[2026-01-30 22:24:54] root: DEBUG:     1.0 K       assembly_graph.gv
[2026-01-30 22:24:54] root: DEBUG:     45.0 K      flye.log
[2026-01-30 22:24:54] root: DEBUG:     4.0 M       assembly.fasta
[2026-01-30 22:24:54] root: DEBUG:     00-assembly/
[2026-01-30 22:24:54] root: DEBUG:         336.0 B     draft_assembly.fasta.fai
[2026-01-30 22:24:54] root: DEBUG:         4.0 M       draft_assembly.fasta
[2026-01-30 22:24:54] root: DEBUG:     40-polishing/
[2026-01-30 22:24:54] root: DEBUG:         4.0 M       filtered_contigs.fasta
[2026-01-30 22:24:54] root: DEBUG:         1.0 M       base_coverage.bed.gz
[2026-01-30 22:24:54] root: DEBUG:         262.0 B     contigs_stats.txt
[2026-01-30 22:24:54] root: DEBUG:         843.0 B     minimap.stderr
[2026-01-30 22:24:54] root: DEBUG:         56.0 K      minimap_1.bam.csi
[2026-01-30 22:24:54] root: DEBUG:         208.0 B     filtered_stats.txt
[2026-01-30 22:24:54] root: DEBUG:         267.0 B     filtered_contigs.fasta.fai
[2026-01-30 22:24:54] root: DEBUG:         4.0 M       polished_edges.gfa
[2026-01-30 22:24:54] root: DEBUG:         342.0 B     edges_aln.bam.csi
[2026-01-30 22:24:54] root: DEBUG:     20-repeat/
[2026-01-30 22:24:54] root: DEBUG:         4.0 M       graph_before_rr.gfa
[2026-01-30 22:24:54] root: DEBUG:         34.0 M      read_alignment_dump
[2026-01-30 22:24:54] root: DEBUG:         8.0 K       repeat_graph_dump
[2026-01-30 22:24:54] root: DEBUG:         4.0 M       graph_before_rr.fasta
[2026-01-30 22:24:54] root: DEBUG:         3.0 K       graph_before_rr.gv
[2026-01-30 22:24:54] root: DEBUG:         4.0 M       repeat_graph_edges.fasta
[2026-01-30 22:24:54] root: DEBUG:         4.0 K       graph_after_rr.gv
[2026-01-30 22:24:54] root: DEBUG:     30-contigger/
[2026-01-30 22:24:54] root: DEBUG:         4.0 M       graph_final.fasta
[2026-01-30 22:24:54] root: DEBUG:         4.0 M       contigs.fasta
[2026-01-30 22:24:54] root: DEBUG:         530.0 B     contigs_stats.txt
[2026-01-30 22:24:54] root: DEBUG:         0.0 B       scaffolds_links.txt
[2026-01-30 22:24:54] root: DEBUG:         354.0 B     contigs.fasta.fai
[2026-01-30 22:24:54] root: DEBUG:         1.0 K       graph_final.gv
[2026-01-30 22:24:54] root: DEBUG:         4.0 M       graph_final.gfa
[2026-01-30 22:24:54] root: DEBUG:     10-consensus/
[2026-01-30 22:24:54] root: DEBUG:         5.0 M       consensus.fasta
[2026-01-30 22:24:54] root: DEBUG:         896.0 B     minimap.stderr
[2026-01-30 22:24:54] root: DEBUG:         57.0 K      minimap.bam.csi
[2026-01-30 22:24:54] root: DEBUG: --------------------------
[2026-01-30 22:24:54] root: INFO: Assembly statistics:

	Total length:	5094557
	Fragments:	9
	Fragments N50:	1254242
	Largest frg:	1576260
	Scaffolds:	0
	Mean coverage:	161

[2026-01-30 22:24:54] root: INFO: Final assembly: /work/results/flye/assembly.fasta
