[INFO] CLAIR3 VERSION: v1.1.2
[INFO] BAM FILE PATH: /data/results/alignment/raw_to_ref.sorted.bam
[INFO] REFERENCE FILE PATH: /data/data/reference/GCF_000006945.2_ASM694v2_genomic.fna
[INFO] MODEL PATH: /opt/models/r1041_e82_400bps_sup_v500
[INFO] OUTPUT FOLDER: /data/results/variant_calling/clair3_raw
[INFO] PLATFORM: ont
[INFO] THREADS: 16
[INFO] BED FILE PATH: EMPTY
[INFO] VCF FILE PATH: EMPTY
[INFO] CONTIGS: EMPTY
[INFO] CONDA PREFIX: 
[INFO] SAMTOOLS PATH: samtools
[INFO] PYTHON PATH: python3
[INFO] PYPY PATH: pypy3
[INFO] PARALLEL PATH: parallel
[INFO] WHATSHAP PATH: whatshap
[INFO] LONGPHASE PATH: EMPTY
[INFO] CHUNK SIZE: 5000000
[INFO] FULL ALIGN PROPORTION: 0.7
[INFO] FULL ALIGN REFERENCE PROPORTION: 0.1
[INFO] PHASING PROPORTION: 0.7
[INFO] MINIMUM MQ: 5
[INFO] MINIMUM COVERAGE: 2
[INFO] SNP AF THRESHOLD: 0.08
[INFO] INDEL AF THRESHOLD: 0.15
[INFO] BASE ERROR IN GVCF: 0.001
[INFO] GQ BIN SIZE IN GVCF: 5
[INFO] ENABLE FILEUP ONLY CALLING: False
[INFO] ENABLE FAST MODE CALLING: False
[INFO] ENABLE CALLING SNP CANDIDATES ONLY: False
[INFO] ENABLE PRINTING REFERENCE CALLS: False
[INFO] ENABLE OUTPUT GVCF: False
[INFO] ENABLE HAPLOID PRECISE MODE: False
[INFO] ENABLE HAPLOID SENSITIVE MODE: False
[INFO] ENABLE INCLUDE ALL CTGS CALLING: True
[INFO] ENABLE NO PHASING FOR FULL ALIGNMENT: False
[INFO] ENABLE REMOVING INTERMEDIATE FILES: False
[INFO] ENABLE LONGPHASE FOR INTERMEDIATE VCF PHASING: False
[INFO] ENABLE PHASING FINAL VCF OUTPUT USING WHATSHAP: False
[INFO] ENABLE PHASING FINAL VCF OUTPUT USING LONGPHASE: False
[INFO] ENABLE HAPLOTAGGING FINAL BAM: False
[INFO] ENABLE LONG INDEL CALLING: False
[INFO] ENABLE C_IMPLEMENT: True

[33m[WARNING] Threads setting exceeds maximum available threads 6, set threads=6[0m
+ /opt/bin/scripts/clair3_c_impl.sh --bam_fn /data/results/alignment/raw_to_ref.sorted.bam --ref_fn /data/data/reference/GCF_000006945.2_ASM694v2_genomic.fna --threads 6 --model_path /opt/models/r1041_e82_400bps_sup_v500 --platform ont --output /data/results/variant_calling/clair3_raw --bed_fn=EMPTY --vcf_fn=EMPTY --ctg_name=EMPTY --sample_name=SAMPLE --chunk_num=0 --chunk_size=5000000 --samtools=samtools --python=python3 --pypy=pypy3 --parallel=parallel --whatshap=whatshap --qual=2 --var_pct_full=0.7 --ref_pct_full=0.1 --var_pct_phasing=0.7 --snp_min_af=0.08 --indel_min_af=0.15 --min_mq=5 --min_coverage=2 --min_contig_size=0 --pileup_only=False --gvcf=False --base_err=0.001 --gq_bin_size=5 --fast_mode=False --call_snp_only=False --enable_variant_calling_at_sequence_head_and_tail=False --output_all_contigs_in_gvcf_header=False --print_ref_calls=False --haploid_precise=False --haploid_sensitive=False --include_all_ctgs=True --no_phasing_for_fa=False --pileup_model_prefix=pileup --fa_model_prefix=full_alignment --remove_intermediate_dir=False --enable_phasing=False --enable_long_indel=False --keep_iupac_bases=False --use_gpu=False --longphase_for_phasing=False --longphase=EMPTY --use_whatshap_for_intermediate_phasing=True --use_longphase_for_intermediate_phasing=False --use_whatshap_for_final_output_phasing=False --use_longphase_for_final_output_phasing=False --use_whatshap_for_final_output_haplotagging=False

[INFO] Check environment variables
[INFO] Create folder /data/results/variant_calling/clair3_raw/log
[INFO] Create folder /data/results/variant_calling/clair3_raw/tmp/pileup_output
[INFO] Create folder /data/results/variant_calling/clair3_raw/tmp/merge_output
[INFO] Create folder /data/results/variant_calling/clair3_raw/tmp/phase_output
[INFO] Create folder /data/results/variant_calling/clair3_raw/tmp/gvcf_tmp_output
[INFO] Create folder /data/results/variant_calling/clair3_raw/tmp/full_alignment_output
[INFO] Create folder /data/results/variant_calling/clair3_raw/tmp/phase_output/phase_vcf
[INFO] Create folder /data/results/variant_calling/clair3_raw/tmp/phase_output/phase_bam
[INFO] Create folder /data/results/variant_calling/clair3_raw/tmp/full_alignment_output/candidate_bed
[INFO] --include_all_ctgs enabled
[93m[WARNING] Please enable --no_phasing_for_fa if calling variant in non-diploid organisms[0m
[INFO] Call variant in contigs: NC_003277.2 NC_003197.2
[INFO] Chunk number for each contig: 1 1
[INFO] 1/7 Call variants using pileup model
Calling variants ...
Total processed positions in NC_003277.2 (chunk 1/1) : 8464
Total time elapsed: 13.73 s
Calling variants ...
Total processed positions in NC_003197.2 (chunk 1/1) : 7643
Total time elapsed: 21.11 s

real	0m23.858s
user	0m37.731s
sys	0m1.073s

[INFO] 2/7 Select heterozygous SNP variants for Whatshap phasing and haplotagging
[INFO] Select heterozygous pileup variants exceeding phasing quality cutoff 8
[INFO] Total heterozygous SNP positions selected: NC_003197.2: 126
[INFO] Total heterozygous SNP positions selected: NC_003277.2: 6

real	0m0.393s
user	0m0.602s
sys	0m0.038s

[INFO] 3/7 Phase VCF file using Whatshap
This is WhatsHap 1.7 running under Python 3.9.0
Working on 1 sample from 1 family

# Working on contig NC_003277.2 in individual SAMPLE
Found 6 usable heterozygous variants (0 skipped due to missing genotypes)
Found 555 reads covering 6 variants
Kept 357 reads that cover at least two variants each
Selected 15 most phase-informative reads covering 5 variants
Phasing 1 sample by solving the MEC problem ...
Largest block contains 5 variants (100.0% of accessible variants) between position 53981 and 54272

# Resource usage
Maximum memory usage: 0.054 GB
Time spent reading BAM/CRAM:                    0.1 s
Time spent parsing VCF:                         0.0 s
Time spent selecting reads:                     0.0 s
Time spent phasing:                             0.0 s
Time spent writing VCF:                         0.0 s
Time spent finding components:                  0.0 s
Time spent on rest:                             0.0 s
Total elapsed time:                             0.2 s
This is WhatsHap 1.7 running under Python 3.9.0
Working on 1 sample from 1 family

# Working on contig NC_003197.2 in individual SAMPLE
Found 126 usable heterozygous variants (0 skipped due to missing genotypes)
Found 2839 reads covering 126 variants
Kept 2504 reads that cover at least two variants each
Selected 120 most phase-informative reads covering 124 variants
Phasing 1 sample by solving the MEC problem ...
Largest block contains 47 variants (37.9% of accessible variants) between position 2764437 and 2771662

# Resource usage
Maximum memory usage: 0.069 GB
Time spent reading BAM/CRAM:                    3.0 s
Time spent parsing VCF:                         0.0 s
Time spent selecting reads:                     0.3 s
Time spent phasing:                             0.7 s
Time spent writing VCF:                         0.0 s
Time spent finding components:                  0.0 s
Time spent on rest:                             0.0 s
Total elapsed time:                             4.1 s

real	0m4.508s
user	0m4.768s
sys	0m0.178s

[INFO] 5/7 Select candidates for full-alignment calling
[INFO] Set variants quality cutoff 35.0
[INFO] Set reference calls quality cutoff 10.0
[INFO] Low quality reference calls to be processed in NC_003277.2: 72
[INFO] Low quality variants to be processed in NC_003277.2: 5207
[INFO] Low quality reference calls to be processed in NC_003197.2: 472
[INFO] Low quality variants to be processed in NC_003197.2: 2232

real	0m0.412s
user	0m0.628s
sys	0m0.044s

[INFO] 6/7 Call low-quality variants using full-alignment model
Calling variants ...
Total processed positions in NC_003197.2 (chunk 1/1) : 2704
Total time elapsed: 39.72 s
Calling variants ...
Total processed positions in NC_003277.2 (chunk 1/1) : 5279
Total time elapsed: 64.61 s

real	1m6.146s
user	1m46.566s
sys	0m0.727s

[INFO] 7/7 Merge pileup VCF and full-alignment VCF
[INFO] Pileup variants processed in NC_003197.2: 657
[INFO] Full-alignment variants processed in NC_003197.2: 2301
[INFO] Pileup variants processed in NC_003277.2: 2540
[INFO] Full-alignment variants processed in NC_003277.2: 5049

real	0m0.542s
user	0m0.847s
sys	0m0.077s

[INFO] Finish calling, output file: /data/results/variant_calling/clair3_raw/merge_output.vcf.gz

real	1m39.260s
user	2m34.172s
sys	0m2.378s
